2019-09-26 10:52:09
_PTHREADS is not defined ! -- /home/s/CLionProjects/webServer/src/main.cc:43
2019-09-26 10:52:17
_PTHREADS is not defined ! -- /home/s/CLionProjects/webServer/src/main.cc:43
2019-09-26 10:52:29
New connection from 127.0.0.1:51792 -- /home/s/CLionProjects/webServer/src/net/Server.cc:46
2019-09-26 10:52:29
Request: GET / HTTP/1.1
Host: 127.0.0.1:12345
Connection: keep-alive
Upgrade-Insecure-Requests: 1
User-Agent: Mozilla/5.0 (X11; Linux x86_64) AppleWebKit/537.36 (KHTML, like Gecko) Chrome/77.0.3865.90 Safari/537.36
Sec-Fetch-Mode: navigate
Sec-Fetch-User: ?1
Accept: text/html,application/xhtml+xml,application/xml;q=0.9,image/webp,image/apng,*/*;q=0.8,application/signed-exchange;v=b3
Sec-Fetch-Site: none
Accept-Encoding: gzip, deflate, br
Accept-Language: zh-CN,zh;q=0.9

 -- /home/s/CLionProjects/webServer/src/net/HttpData.cc:167
2019-09-26 10:52:29
New connection from 127.0.0.1:51794 -- /home/s/CLionProjects/webServer/src/net/Server.cc:46
2019-09-26 10:52:29
New connection from 127.0.0.1:51796 -- /home/s/CLionProjects/webServer/src/net/Server.cc:46
2019-09-26 10:52:29
Request: GET /favicon.ico HTTP/1.1
Host: 127.0.0.1:12345
Connection: keep-alive
Sec-Fetch-Mode: no-cors
User-Agent: Mozilla/5.0 (X11; Linux x86_64) AppleWebKit/537.36 (KHTML, like Gecko) Chrome/77.0.3865.90 Safari/537.36
Accept: image/webp,image/apng,image/*,*/*;q=0.8
Sec-Fetch-Site: same-origin
Referer: http://127.0.0.1:12345/
Accept-Encoding: gzip, deflate, br
Accept-Language: zh-CN,zh;q=0.9

 -- /home/s/CLionProjects/webServer/src/net/HttpData.cc:167
